CRITICAL - 2022-02-15 18:44:38 --> Class 'App\Controllers\UserModel' not found
#0 D:\UKK\UKK 2022\system\CodeIgniter.php(825): App\Controllers\IsiData->index()
#1 D:\UKK\UKK 2022\system\CodeIgniter.php(412): CodeIgniter\CodeIgniter->runController(Object(App\Controllers\IsiData))
#2 D:\UKK\UKK 2022\system\CodeIgniter.php(320): CodeIgniter\CodeIgniter->handleRequest(NULL, Object(Config\Cache), false)
#3 D:\UKK\UKK 2022\public\index.php(37): CodeIgniter\CodeIgniter->run()
#4 D:\UKK\UKK 2022\system\Commands\Server\rewrite.php(43): require_once('D:\\UKK\\UKK 2022...')
#5 {main}
CRITICAL - 2022-02-15 18:44:53 --> Class 'App\Controllers\UserModel' not found
#0 D:\UKK\UKK 2022\system\CodeIgniter.php(825): App\Controllers\IsiData->index()
#1 D:\UKK\UKK 2022\system\CodeIgniter.php(412): CodeIgniter\CodeIgniter->runController(Object(App\Controllers\IsiData))
#2 D:\UKK\UKK 2022\system\CodeIgniter.php(320): CodeIgniter\CodeIgniter->handleRequest(NULL, Object(Config\Cache), false)
#3 D:\UKK\UKK 2022\public\index.php(37): CodeIgniter\CodeIgniter->run()
#4 D:\UKK\UKK 2022\system\Commands\Server\rewrite.php(43): require_once('D:\\UKK\\UKK 2022...')
#5 {main}
CRITICAL - 2022-02-15 18:46:39 --> Class 'App\Models\User_model' not found
#0 D:\UKK\UKK 2022\system\CodeIgniter.php(825): App\Controllers\CatatanPerjalanan->index()
#1 D:\UKK\UKK 2022\system\CodeIgniter.php(412): CodeIgniter\CodeIgniter->runController(Object(App\Controllers\CatatanPerjalanan))
#2 D:\UKK\UKK 2022\system\CodeIgniter.php(320): CodeIgniter\CodeIgniter->handleRequest(NULL, Object(Config\Cache), false)
#3 D:\UKK\UKK 2022\public\index.php(37): CodeIgniter\CodeIgniter->run()
#4 D:\UKK\UKK 2022\system\Commands\Server\rewrite.php(43): require_once('D:\\UKK\\UKK 2022...')
#5 {main}
CRITICAL - 2022-02-15 18:46:48 --> Class 'App\Controllers\UserModel' not found
#0 D:\UKK\UKK 2022\system\CodeIgniter.php(825): App\Controllers\IsiData->index()
#1 D:\UKK\UKK 2022\system\CodeIgniter.php(412): CodeIgniter\CodeIgniter->runController(Object(App\Controllers\IsiData))
#2 D:\UKK\UKK 2022\system\CodeIgniter.php(320): CodeIgniter\CodeIgniter->handleRequest(NULL, Object(Config\Cache), false)
#3 D:\UKK\UKK 2022\public\index.php(37): CodeIgniter\CodeIgniter->run()
#4 D:\UKK\UKK 2022\system\Commands\Server\rewrite.php(43): require_once('D:\\UKK\\UKK 2022...')
#5 {main}
CRITICAL - 2022-02-15 18:49:44 --> Class 'App\Models\User_model' not found
#0 D:\UKK\UKK 2022\system\CodeIgniter.php(825): App\Controllers\CatatanPerjalanan->index()
#1 D:\UKK\UKK 2022\system\CodeIgniter.php(412): CodeIgniter\CodeIgniter->runController(Object(App\Controllers\CatatanPerjalanan))
#2 D:\UKK\UKK 2022\system\CodeIgniter.php(320): CodeIgniter\CodeIgniter->handleRequest(NULL, Object(Config\Cache), false)
#3 D:\UKK\UKK 2022\public\index.php(37): CodeIgniter\CodeIgniter->run()
#4 D:\UKK\UKK 2022\system\Commands\Server\rewrite.php(43): require_once('D:\\UKK\\UKK 2022...')
#5 {main}
CRITICAL - 2022-02-15 18:49:56 --> Class 'App\Controllers\UserModel' not found
#0 D:\UKK\UKK 2022\system\CodeIgniter.php(825): App\Controllers\IsiData->index()
#1 D:\UKK\UKK 2022\system\CodeIgniter.php(412): CodeIgniter\CodeIgniter->runController(Object(App\Controllers\IsiData))
#2 D:\UKK\UKK 2022\system\CodeIgniter.php(320): CodeIgniter\CodeIgniter->handleRequest(NULL, Object(Config\Cache), false)
#3 D:\UKK\UKK 2022\public\index.php(37): CodeIgniter\CodeIgniter->run()
#4 D:\UKK\UKK 2022\system\Commands\Server\rewrite.php(43): require_once('D:\\UKK\\UKK 2022...')
#5 {main}
CRITICAL - 2022-02-15 18:54:40 --> Class 'App\Controllers\UserModel' not found
#0 D:\UKK\UKK 2022\system\CodeIgniter.php(825): App\Controllers\IsiData->index()
#1 D:\UKK\UKK 2022\system\CodeIgniter.php(412): CodeIgniter\CodeIgniter->runController(Object(App\Controllers\IsiData))
#2 D:\UKK\UKK 2022\system\CodeIgniter.php(320): CodeIgniter\CodeIgniter->handleRequest(NULL, Object(Config\Cache), false)
#3 D:\UKK\UKK 2022\public\index.php(37): CodeIgniter\CodeIgniter->run()
#4 D:\UKK\UKK 2022\system\Commands\Server\rewrite.php(43): require_once('D:\\UKK\\UKK 2022...')
#5 {main}
CRITICAL - 2022-02-15 18:55:43 --> Class 'App\Controllers\UserModel' not found
#0 D:\UKK\UKK 2022\system\CodeIgniter.php(825): App\Controllers\IsiData->index()
#1 D:\UKK\UKK 2022\system\CodeIgniter.php(412): CodeIgniter\CodeIgniter->runController(Object(App\Controllers\IsiData))
#2 D:\UKK\UKK 2022\system\CodeIgniter.php(320): CodeIgniter\CodeIgniter->handleRequest(NULL, Object(Config\Cache), false)
#3 D:\UKK\UKK 2022\public\index.php(37): CodeIgniter\CodeIgniter->run()
#4 D:\UKK\UKK 2022\system\Commands\Server\rewrite.php(43): require_once('D:\\UKK\\UKK 2022...')
#5 {main}
CRITICAL - 2022-02-15 18:56:44 --> Class 'App\Controllers\UserModel' not found
#0 D:\UKK\UKK 2022\system\CodeIgniter.php(825): App\Controllers\CatatanPerjalanan->index()
#1 D:\UKK\UKK 2022\system\CodeIgniter.php(412): CodeIgniter\CodeIgniter->runController(Object(App\Controllers\CatatanPerjalanan))
#2 D:\UKK\UKK 2022\system\CodeIgniter.php(320): CodeIgniter\CodeIgniter->handleRequest(NULL, Object(Config\Cache), false)
#3 D:\UKK\UKK 2022\public\index.php(37): CodeIgniter\CodeIgniter->run()
#4 D:\UKK\UKK 2022\system\Commands\Server\rewrite.php(43): require_once('D:\\UKK\\UKK 2022...')
#5 {main}
CRITICAL - 2022-02-15 18:58:24 --> Class 'App\Controllers\UserModel' not found
#0 D:\UKK\UKK 2022\system\CodeIgniter.php(825): App\Controllers\CatatanPerjalanan->index()
#1 D:\UKK\UKK 2022\system\CodeIgniter.php(412): CodeIgniter\CodeIgniter->runController(Object(App\Controllers\CatatanPerjalanan))
#2 D:\UKK\UKK 2022\system\CodeIgniter.php(320): CodeIgniter\CodeIgniter->handleRequest(NULL, Object(Config\Cache), false)
#3 D:\UKK\UKK 2022\public\index.php(37): CodeIgniter\CodeIgniter->run()
#4 D:\UKK\UKK 2022\system\Commands\Server\rewrite.php(43): require_once('D:\\UKK\\UKK 2022...')
#5 {main}
CRITICAL - 2022-02-15 19:01:09 --> Class 'App\Controllers\UserModel' not found
#0 D:\UKK\UKK 2022\system\CodeIgniter.php(825): App\Controllers\CatatanPerjalanan->index()
#1 D:\UKK\UKK 2022\system\CodeIgniter.php(412): CodeIgniter\CodeIgniter->runController(Object(App\Controllers\CatatanPerjalanan))
#2 D:\UKK\UKK 2022\system\CodeIgniter.php(320): CodeIgniter\CodeIgniter->handleRequest(NULL, Object(Config\Cache), false)
#3 D:\UKK\UKK 2022\public\index.php(37): CodeIgniter\CodeIgniter->run()
#4 D:\UKK\UKK 2022\system\Commands\Server\rewrite.php(43): require_once('D:\\UKK\\UKK 2022...')
#5 {main}
CRITICAL - 2022-02-15 19:03:04 --> Class 'App\Controllers\UserModel' not found
#0 D:\UKK\UKK 2022\system\CodeIgniter.php(825): App\Controllers\CatatanPerjalanan->index()
#1 D:\UKK\UKK 2022\system\CodeIgniter.php(412): CodeIgniter\CodeIgniter->runController(Object(App\Controllers\CatatanPerjalanan))
#2 D:\UKK\UKK 2022\system\CodeIgniter.php(320): CodeIgniter\CodeIgniter->handleRequest(NULL, Object(Config\Cache), false)
#3 D:\UKK\UKK 2022\public\index.php(37): CodeIgniter\CodeIgniter->run()
#4 D:\UKK\UKK 2022\system\Commands\Server\rewrite.php(43): require_once('D:\\UKK\\UKK 2022...')
#5 {main}
CRITICAL - 2022-02-15 19:03:55 --> Undefined index: tanggal
#0 D:\UKK\UKK 2022\app\Views\catatan_perjalanan.php(28): CodeIgniter\Debug\Exceptions->errorHandler(8, 'Undefined index...', 'D:\\UKK\\UKK 2022...', 28, Array)
#1 D:\UKK\UKK 2022\system\View\View.php(210): include('D:\\UKK\\UKK 2022...')
#2 D:\UKK\UKK 2022\system\View\View.php(213): CodeIgniter\View\View->CodeIgniter\View\{closure}()
#3 D:\UKK\UKK 2022\system\Common.php(1089): CodeIgniter\View\View->render('catatan_perjala...', Array, true)
#4 D:\UKK\UKK 2022\app\Controllers\CatatanPerjalanan.php(28): view('catatan_perjala...', Array)
#5 D:\UKK\UKK 2022\system\CodeIgniter.php(825): App\Controllers\CatatanPerjalanan->index()
#6 D:\UKK\UKK 2022\system\CodeIgniter.php(412): CodeIgniter\CodeIgniter->runController(Object(App\Controllers\CatatanPerjalanan))
#7 D:\UKK\UKK 2022\system\CodeIgniter.php(320): CodeIgniter\CodeIgniter->handleRequest(NULL, Object(Config\Cache), false)
#8 D:\UKK\UKK 2022\public\index.php(37): CodeIgniter\CodeIgniter->run()
#9 D:\UKK\UKK 2022\system\Commands\Server\rewrite.php(43): require_once('D:\\UKK\\UKK 2022...')
#10 {main}
CRITICAL - 2022-02-15 19:05:52 --> Class 'App\Controllers\UserModel' not found
#0 D:\UKK\UKK 2022\system\CodeIgniter.php(825): App\Controllers\IsiData->index()
#1 D:\UKK\UKK 2022\system\CodeIgniter.php(412): CodeIgniter\CodeIgniter->runController(Object(App\Controllers\IsiData))
#2 D:\UKK\UKK 2022\system\CodeIgniter.php(320): CodeIgniter\CodeIgniter->handleRequest(NULL, Object(Config\Cache), false)
#3 D:\UKK\UKK 2022\public\index.php(37): CodeIgniter\CodeIgniter->run()
#4 D:\UKK\UKK 2022\system\Commands\Server\rewrite.php(43): require_once('D:\\UKK\\UKK 2022...')
#5 {main}
